25-05-09 10:33:39.594 [Test worker] INFO  c.s.m.d.c.MessageControllerTest      - Starting MessageControllerTest using Java 17.0.14 with PID 24724 (started by dlwns in C:\Users\dlwns\2-sprint-mission)
25-05-09 10:33:39.603 [Test worker] INFO  c.s.m.d.c.MessageControllerTest      - The following 1 profile is active: "test"
25-05-09 10:33:42.443 [Test worker] INFO  o.s.b.a.w.s.WelcomePageHandlerMapping - Adding welcome page: class path resource [static/index.html]
25-05-09 10:33:42.968 [Test worker] WARN  o.s.b.a.t.ThymeleafAutoConfiguration$DefaultTemplateResolverConfiguration - Cannot find template location: classpath:/templates/ (please add some templates, check your Thymeleaf configuration, or set spring.thymeleaf.check-template-location=false)
25-05-09 10:33:43.031 [Test worker] INFO  o.s.b.t.m.w.SpringBootMockServletContext - Initializing Spring TestDispatcherServlet ''
25-05-09 10:33:43.032 [Test worker] INFO  o.s.t.w.s.TestDispatcherServlet      - Initializing Servlet ''
25-05-09 10:33:43.036 [Test worker] INFO  o.s.t.w.s.TestDispatcherServlet      - Completed initialization in 2 ms
25-05-09 10:33:43.085 [Test worker] INFO  c.s.m.d.c.MessageControllerTest      - Started MessageControllerTest in 4.388 seconds (process running for 6.571)
25-05-09 10:34:14.476 [Test worker] INFO  c.s.m.d.c.MessageControllerTest      - Starting MessageControllerTest using Java 17.0.14 with PID 22288 (started by dlwns in C:\Users\dlwns\2-sprint-mission)
25-05-09 10:34:14.478 [Test worker] INFO  c.s.m.d.c.MessageControllerTest      - The following 1 profile is active: "test"
25-05-09 10:34:17.163 [Test worker] INFO  o.s.b.a.w.s.WelcomePageHandlerMapping - Adding welcome page: class path resource [static/index.html]
25-05-09 10:34:17.794 [Test worker] WARN  o.s.b.a.t.ThymeleafAutoConfiguration$DefaultTemplateResolverConfiguration - Cannot find template location: classpath:/templates/ (please add some templates, check your Thymeleaf configuration, or set spring.thymeleaf.check-template-location=false)
25-05-09 10:34:17.865 [Test worker] INFO  o.s.b.t.m.w.SpringBootMockServletContext - Initializing Spring TestDispatcherServlet ''
25-05-09 10:34:17.866 [Test worker] INFO  o.s.t.w.s.TestDispatcherServlet      - Initializing Servlet ''
25-05-09 10:34:17.871 [Test worker] INFO  o.s.t.w.s.TestDispatcherServlet      - Completed initialization in 2 ms
25-05-09 10:34:17.924 [Test worker] INFO  c.s.m.d.c.MessageControllerTest      - Started MessageControllerTest in 4.485 seconds (process running for 6.391)
25-05-09 10:36:47.250 [Test worker] INFO  c.s.m.d.c.ChannelControllerTest      - Starting ChannelControllerTest using Java 17.0.14 with PID 23844 (started by dlwns in C:\Users\dlwns\2-sprint-mission)
25-05-09 10:36:47.253 [Test worker] INFO  c.s.m.d.c.ChannelControllerTest      - The following 1 profile is active: "test"
25-05-09 10:36:50.155 [Test worker] INFO  o.s.b.a.w.s.WelcomePageHandlerMapping - Adding welcome page: class path resource [static/index.html]
25-05-09 10:36:50.688 [Test worker] WARN  o.s.b.a.t.ThymeleafAutoConfiguration$DefaultTemplateResolverConfiguration - Cannot find template location: classpath:/templates/ (please add some templates, check your Thymeleaf configuration, or set spring.thymeleaf.check-template-location=false)
25-05-09 10:36:50.757 [Test worker] INFO  o.s.b.t.m.w.SpringBootMockServletContext - Initializing Spring TestDispatcherServlet ''
25-05-09 10:36:50.758 [Test worker] INFO  o.s.t.w.s.TestDispatcherServlet      - Initializing Servlet ''
25-05-09 10:36:50.763 [Test worker] INFO  o.s.t.w.s.TestDispatcherServlet      - Completed initialization in 2 ms
25-05-09 10:36:50.811 [Test worker] INFO  c.s.m.d.c.ChannelControllerTest      - Started ChannelControllerTest in 4.49 seconds (process running for 6.963)
25-05-09 10:38:28.489 [Test worker] INFO  c.s.m.d.c.ChannelControllerTest      - Starting ChannelControllerTest using Java 17.0.14 with PID 24328 (started by dlwns in C:\Users\dlwns\2-sprint-mission)
25-05-09 10:38:28.494 [Test worker] INFO  c.s.m.d.c.ChannelControllerTest      - The following 1 profile is active: "test"
25-05-09 10:38:32.009 [Test worker] INFO  o.s.b.a.w.s.WelcomePageHandlerMapping - Adding welcome page: class path resource [static/index.html]
25-05-09 10:38:33.196 [Test worker] WARN  o.s.b.a.t.ThymeleafAutoConfiguration$DefaultTemplateResolverConfiguration - Cannot find template location: classpath:/templates/ (please add some templates, check your Thymeleaf configuration, or set spring.thymeleaf.check-template-location=false)
25-05-09 10:38:33.355 [Test worker] INFO  o.s.b.t.m.w.SpringBootMockServletContext - Initializing Spring TestDispatcherServlet ''
25-05-09 10:38:33.356 [Test worker] INFO  o.s.t.w.s.TestDispatcherServlet      - Initializing Servlet ''
25-05-09 10:38:33.367 [Test worker] INFO  o.s.t.w.s.TestDispatcherServlet      - Completed initialization in 4 ms
25-05-09 10:38:33.453 [Test worker] INFO  c.s.m.d.c.ChannelControllerTest      - Started ChannelControllerTest in 6.072 seconds (process running for 8.703)
