25-05-07 18:47:19.432 [main] INFO  c.s.m.discodeit.DiscodeitApplication - Starting DiscodeitApplication using Java 17.0.14 with PID 24676 (C:\Users\KIMM\2-sprint-mission\out\production\classes started by KIMM in C:\Users\KIMM\2-sprint-mission)
25-05-07 18:47:19.435 [main] DEBUG c.s.m.discodeit.DiscodeitApplication - Running with Spring Boot v3.4.0, Spring v6.2.0
25-05-07 18:47:19.436 [main] INFO  c.s.m.discodeit.DiscodeitApplication - No active profile set, falling back to 1 default profile: "dev"
25-05-07 18:47:20.523 [main] INFO  .r.c.RepositoryConfigurationDelegate - Bootstrapping Spring Data JPA repositories in DEFAULT mode.
25-05-07 18:47:20.631 [main] INFO  .r.c.RepositoryConfigurationDelegate - Finished Spring Data repository scanning in 99 ms. Found 6 JPA repository interfaces.
25-05-07 18:47:21.215 [main] INFO  o.s.b.w.e.tomcat.TomcatWebServer     - Tomcat initialized with port 8080 (http)
25-05-07 18:47:21.230 [main] INFO  o.a.coyote.http11.Http11NioProtocol  - Initializing ProtocolHandler ["http-nio-8080"]
25-05-07 18:47:21.232 [main] INFO  o.a.catalina.core.StandardService    - Starting service [Tomcat]
25-05-07 18:47:21.233 [main] INFO  o.a.catalina.core.StandardEngine     - Starting Servlet engine: [Apache Tomcat/10.1.33]
25-05-07 18:47:21.318 [main] INFO  o.a.c.c.C.[Tomcat].[localhost].[/]   - Initializing Spring embedded WebApplicationContext
25-05-07 18:47:21.318 [main] INFO  c.ServletWebServerApplicationContext - Root WebApplicationContext: initialization completed in 1810 ms
25-05-07 18:47:21.506 [main] INFO  o.h.jpa.internal.util.LogHelper      - HHH000204: Processing PersistenceUnitInfo [name: default]
25-05-07 18:47:21.602 [main] INFO  org.hibernate.Version                - HHH000412: Hibernate ORM core version 6.6.2.Final
25-05-07 18:47:21.650 [main] INFO  o.h.c.i.RegionFactoryInitiator       - HHH000026: Second-level cache disabled
25-05-07 18:47:22.071 [main] INFO  o.s.o.j.p.SpringPersistenceUnitInfo  - No LoadTimeWeaver setup: ignoring JPA class transformer
25-05-07 18:47:22.116 [main] INFO  com.zaxxer.hikari.HikariDataSource   - HikariPool-1 - Starting...
25-05-07 18:47:22.408 [main] INFO  com.zaxxer.hikari.pool.HikariPool    - HikariPool-1 - Added connection org.postgresql.jdbc.PgConnection@24f177f5
25-05-07 18:47:22.411 [main] INFO  com.zaxxer.hikari.HikariDataSource   - HikariPool-1 - Start completed.
25-05-07 18:47:22.510 [main] INFO  o.hibernate.orm.connections.pooling  - HHH10001005: Database info:
	Database JDBC URL [Connecting through datasource 'HikariDataSource (HikariPool-1)']
	Database driver: undefined/unknown
	Database version: 17.4
	Autocommit mode: undefined/unknown
	Isolation level: undefined/unknown
	Minimum pool size: undefined/unknown
	Maximum pool size: undefined/unknown
25-05-07 18:47:23.901 [main] INFO  o.h.e.t.j.p.i.JtaPlatformInitiator   - HHH000489: No JTA platform available (set 'hibernate.transaction.jta.platform' to enable JTA platform integration)
25-05-07 18:47:24.050 [main] INFO  calContainerEntityManagerFactoryBean - Initialized JPA EntityManagerFactory for persistence unit 'default'
25-05-07 18:47:24.719 [main] INFO  .s.b.a.w.s.WelcomePageHandlerMapping - Adding welcome page: class path resource [static/index.html]
25-05-07 18:47:25.201 [main] INFO  o.a.coyote.http11.Http11NioProtocol  - Starting ProtocolHandler ["http-nio-8080"]
25-05-07 18:47:25.227 [main] INFO  o.s.b.w.e.tomcat.TomcatWebServer     - Tomcat started on port 8080 (http) with context path '/'
25-05-07 18:47:25.238 [main] INFO  c.s.m.discodeit.DiscodeitApplication - Started DiscodeitApplication in 6.648 seconds (process running for 7.59)
