25-05-18 23:48:38.248 [background-preinit] INFO  o.h.validator.internal.util.Version [ | 
        | ] - HV000001: Hibernate Validator 8.0.1.Final
25-05-18 23:48:38.259 [main] INFO  c.s.m.discodeit.DiscodeitApplication [ | 
        | ] - Starting DiscodeitApplication using Java 17.0.14 with PID 35972 (/Users/anjaekwan/IdeaProjects/codeit/2-sprint-mission/build/classes/java/main started by anjaekwan in /Users/anjaekwan/IdeaProjects/codeit/2-sprint-mission)
25-05-18 23:48:38.260 [main] DEBUG c.s.m.discodeit.DiscodeitApplication [ | 
        | ] - Running with Spring Boot v3.2.5, Spring v6.1.6
25-05-18 23:48:38.260 [main] INFO  c.s.m.discodeit.DiscodeitApplication [ | 
        | ] - The following 1 profile is active: "dev"
25-05-18 23:48:38.591 [main] INFO  o.s.d.r.c.RepositoryConfigurationDelegate [ | 
        | ] - Bootstrapping Spring Data JPA repositories in DEFAULT mode.
25-05-18 23:48:38.613 [main] INFO  o.s.d.r.c.RepositoryConfigurationDelegate [ | 
        | ] - Finished Spring Data repository scanning in 19 ms. Found 6 JPA repository interfaces.
25-05-18 23:48:38.840 [main] INFO  o.s.b.w.e.tomcat.TomcatWebServer [ | 
        | ] - Tomcat initialized with port 8080 (http)
25-05-18 23:48:38.843 [main] INFO  o.a.coyote.http11.Http11NioProtocol [ | 
        | ] - Initializing ProtocolHandler ["http-nio-8080"]
25-05-18 23:48:38.843 [main] INFO  o.a.catalina.core.StandardService [ | 
        | ] - Starting service [Tomcat]
25-05-18 23:48:38.843 [main] INFO  o.a.catalina.core.StandardEngine [ | 
        | ] - Starting Servlet engine: [Apache Tomcat/10.1.20]
25-05-18 23:48:38.859 [main] INFO  o.a.c.c.C.[Tomcat].[localhost].[/] [ | 
        | ] - Initializing Spring embedded WebApplicationContext
25-05-18 23:48:38.859 [main] INFO  o.s.b.w.s.c.ServletWebServerApplicationContext [ | 
        | ] - Root WebApplicationContext: initialization completed in 588 ms
25-05-18 23:48:38.923 [main] INFO  com.zaxxer.hikari.HikariDataSource [ | 
        | ] - HikariPool-1 - Starting...
25-05-18 23:48:38.985 [main] INFO  com.zaxxer.hikari.pool.HikariPool [ | 
        | ] - HikariPool-1 - Added connection org.postgresql.jdbc.PgConnection@273293c8
25-05-18 23:48:38.985 [main] INFO  com.zaxxer.hikari.HikariDataSource [ | 
        | ] - HikariPool-1 - Start completed.
25-05-18 23:48:39.031 [main] INFO  o.h.jpa.internal.util.LogHelper [ | 
        | ] - HHH000204: Processing PersistenceUnitInfo [name: default]
25-05-18 23:48:39.048 [main] INFO  org.hibernate.Version [ | 
        | ] - HHH000412: Hibernate ORM core version 6.4.4.Final
25-05-18 23:48:39.059 [main] INFO  o.h.c.i.RegionFactoryInitiator [ | 
        | ] - HHH000026: Second-level cache disabled
25-05-18 23:48:39.133 [main] INFO  o.s.o.j.p.SpringPersistenceUnitInfo [ | 
        | ] - No LoadTimeWeaver setup: ignoring JPA class transformer
25-05-18 23:48:39.153 [main] WARN  org.hibernate.orm.deprecation [ | 
        | ] - HHH90000025: PostgreSQLDialect does not need to be specified explicitly using 'hibernate.dialect' (remove the property setting and it will be selected by default)
25-05-18 23:48:39.468 [main] INFO  o.h.e.t.j.p.i.JtaPlatformInitiator [ | 
        | ] - HHH000489: No JTA platform available (set 'hibernate.transaction.jta.platform' to enable JTA platform integration)
25-05-18 23:48:39.469 [main] INFO  o.s.o.j.LocalContainerEntityManagerFactoryBean [ | 
        | ] - Initialized JPA EntityManagerFactory for persistence unit 'default'
25-05-18 23:48:39.600 [main] INFO  o.s.d.j.r.query.QueryEnhancerFactory [ | 
        | ] - Hibernate is in classpath; If applicable, HQL parser will be used.
25-05-18 23:48:39.778 [main] INFO  o.s.b.a.w.s.WelcomePageHandlerMapping [ | 
        | ] - Adding welcome page: class path resource [static/index.html]
25-05-18 23:48:40.032 [main] INFO  o.s.b.a.e.web.EndpointLinksResolver [ | 
        | ] - Exposing 4 endpoint(s) beneath base path '/actuator'
25-05-18 23:48:40.057 [main] INFO  o.a.coyote.http11.Http11NioProtocol [ | 
        | ] - Starting ProtocolHandler ["http-nio-8080"]
25-05-18 23:48:40.062 [main] INFO  o.s.b.w.e.tomcat.TomcatWebServer [ | 
        | ] - Tomcat started on port 8080 (http) with context path ''
25-05-18 23:48:40.069 [main] INFO  c.s.m.discodeit.DiscodeitApplication [ | 
        | ] - Started DiscodeitApplication in 1.948 seconds (process running for 2.103)
25-05-18 23:48:40.097 [registrationTask1] WARN  d.c.b.a.c.r.ApplicationRegistrator [ | 
        | ] - Failed to register application as Application(name=discodeit, managementUrl=http://localhost:8080/actuator, healthUrl=http://localhost:8080/actuator/health, serviceUrl=http://localhost:8080/) at spring-boot-admin ([http://localhost:9090/instances]): I/O error on POST request for "http://localhost:9090/instances": Connection refused. Further attempts are logged on DEBUG level
25-05-18 23:48:40.558 [RMI TCP Connection(3)-127.0.0.1] INFO  o.a.c.c.C.[Tomcat].[localhost].[/] [ | 
        | ] - Initializing Spring DispatcherServlet 'dispatcherServlet'
25-05-18 23:48:40.559 [RMI TCP Connection(3)-127.0.0.1] INFO  o.s.web.servlet.DispatcherServlet [ | 
        | ] - Initializing Servlet 'dispatcherServlet'
25-05-18 23:48:40.559 [RMI TCP Connection(3)-127.0.0.1] INFO  o.s.web.servlet.DispatcherServlet [ | 
        | ] - Completed initialization in 0 ms
25-05-18 23:48:42.142 [SpringApplicationShutdownHook] INFO  o.s.o.j.LocalContainerEntityManagerFactoryBean [ | 
        | ] - Closing JPA EntityManagerFactory for persistence unit 'default'
25-05-18 23:48:42.143 [SpringApplicationShutdownHook] INFO  com.zaxxer.hikari.HikariDataSource [ | 
        | ] - HikariPool-1 - Shutdown initiated...
25-05-18 23:48:42.144 [SpringApplicationShutdownHook] INFO  com.zaxxer.hikari.HikariDataSource [ | 
        | ] - HikariPool-1 - Shutdown completed.
